e:\object oriented design\project2_codeanalyzer\metricexecutive\x64\debug\vc140.pdb
e:\object oriented design\project2_codeanalyzer\metricexecutive\x64\debug\vc140.idb
e:\object oriented design\project2_codeanalyzer\metricexecutive\x64\debug\syntaxtree.obj
e:\object oriented design\project2_codeanalyzer\metricexecutive\x64\debug\datastore.obj
e:\object oriented design\project2_codeanalyzer\metricexecutive\x64\debug\filemgr.obj
e:\object oriented design\project2_codeanalyzer\metricexecutive\x64\debug\filesystem.obj
e:\object oriented design\project2_codeanalyzer\metricexecutive\x64\debug\metricsanalysis.obj
e:\object oriented design\project2_codeanalyzer\metricexecutive\x64\debug\actionsandrules.obj
e:\object oriented design\project2_codeanalyzer\metricexecutive\x64\debug\configureparser.obj
e:\object oriented design\project2_codeanalyzer\metricexecutive\x64\debug\parser.obj
e:\object oriented design\project2_codeanalyzer\metricexecutive\x64\debug\scopestack.obj
e:\object oriented design\project2_codeanalyzer\metricexecutive\x64\debug\semiexp.obj
e:\object oriented design\project2_codeanalyzer\metricexecutive\x64\debug\tokenizer.obj
e:\object oriented design\project2_codeanalyzer\metricexecutive\x64\debug\utilities.obj
e:\object oriented design\project2_codeanalyzer\metricexecutive\x64\debug\metricexecutive.obj
e:\object oriented design\project2_codeanalyzer\x64\debug\metricexecutive.ilk
e:\object oriented design\project2_codeanalyzer\x64\debug\metricexecutive.exe
e:\object oriented design\project2_codeanalyzer\x64\debug\metricexecutive.pdb
e:\object oriented design\project2_codeanalyzer_rohitsharma\metricexecutive\x64\debug\actionsandrules.obj
e:\object oriented design\project2_codeanalyzer_rohitsharma\metricexecutive\x64\debug\configureparser.obj
e:\object oriented design\project2_codeanalyzer_rohitsharma\metricexecutive\x64\debug\datastore.obj
e:\object oriented design\project2_codeanalyzer_rohitsharma\metricexecutive\x64\debug\filemgr.obj
e:\object oriented design\project2_codeanalyzer_rohitsharma\metricexecutive\x64\debug\filesystem.obj
e:\object oriented design\project2_codeanalyzer_rohitsharma\metricexecutive\x64\debug\metricexecutive.obj
e:\object oriented design\project2_codeanalyzer_rohitsharma\metricexecutive\x64\debug\metricsanalysis.obj
e:\object oriented design\project2_codeanalyzer_rohitsharma\metricexecutive\x64\debug\parser.obj
e:\object oriented design\project2_codeanalyzer_rohitsharma\metricexecutive\x64\debug\scopestack.obj
e:\object oriented design\project2_codeanalyzer_rohitsharma\metricexecutive\x64\debug\semiexp.obj
e:\object oriented design\project2_codeanalyzer_rohitsharma\metricexecutive\x64\debug\syntaxtree.obj
e:\object oriented design\project2_codeanalyzer_rohitsharma\metricexecutive\x64\debug\tokenizer.obj
e:\object oriented design\project2_codeanalyzer_rohitsharma\metricexecutive\x64\debug\utilities.obj
e:\object oriented design\project2_codeanalyzer_rohitsharma\metricexecutive\x64\debug\vc140.idb
e:\object oriented design\project2_codeanalyzer_rohitsharma\metricexecutive\x64\debug\vc140.pdb
e:\object oriented design\project2_codeanalyzer_rohitsharma\x64\debug\metricexecutive.pdb
e:\object oriented design\project2_codeanalyzer_rohitsharma\x64\debug\metricexecutive.exe
e:\object oriented design\project2_codeanalyzer_rohitsharma\x64\debug\metricexecutive.ilk
e:\object oriented design\project2_codeanalyzer_rohitsharma\metricexecutive\x64\debug\metricexecutive.tlog\cl.command.1.tlog
e:\object oriented design\project2_codeanalyzer_rohitsharma\metricexecutive\x64\debug\metricexecutive.tlog\cl.read.1.tlog
e:\object oriented design\project2_codeanalyzer_rohitsharma\metricexecutive\x64\debug\metricexecutive.tlog\cl.write.1.tlog
e:\object oriented design\project2_codeanalyzer_rohitsharma\metricexecutive\x64\debug\metricexecutive.tlog\link.command.1.tlog
e:\object oriented design\project2_codeanalyzer_rohitsharma\metricexecutive\x64\debug\metricexecutive.tlog\link.read.1.tlog
e:\object oriented design\project2_codeanalyzer_rohitsharma\metricexecutive\x64\debug\metricexecutive.tlog\link.write.1.tlog
